# JRE version: Java(TM) SE Runtime Environment (17.0.8+9) (build 17.0.8+9-LTS-211)
# Java VM: Java HotSpot(TM) 64-Bit Server VM (17.0.8+9-LTS-211, mixed mode, emulated-client, sharing, tiered, compressed oops, compressed class ptrs, g1 gc, bsd-aarch64)
GC Precious Log:
 CPUs: 10 total, 10 available
 Memory: 16384M
 Large Page Support: Disabled
 NUMA Support: Disabled
 Compressed Oops: Enabled (Zero based)
 Heap Region Size: 2M
 Heap Min Capacity: 8M
 Heap Initial Capacity: 256M
 Heap Max Capacity: 4G
 Pre-touch: Disabled
 Parallel Workers: 9
 Concurrent Workers: 2
 Concurrent Refinement Workers: 9
 Periodic GC: Disabled
Heap:
 garbage-first heap   total 184320K, used 124937K [0x0000000700000000, 0x0000000800000000)
  region size 2048K, 40 young (81920K), 7 survivors (14336K)
 Metaspace       used 78023K, committed 78784K, reserved 1179648K
  class space    used 11357K, committed 11712K, reserved 1048576K
GC Heap History (20 events):
Event: 2.898 GC heap before
{Heap before GC invocations=10 (full 0):
 garbage-first heap   total 92160K, used 49150K [0x0000000700000000, 0x0000000800000000)
  region size 2048K, 15 young (30720K), 3 survivors (6144K)
 Metaspace       used 35842K, committed 36160K, reserved 1114112K
  class space    used 4702K, committed 4864K, reserved 1048576K
}
Event: 2.902 GC heap after
{Heap after GC invocations=11 (full 0):
 garbage-first heap   total 92160K, used 27730K [0x0000000700000000, 0x0000000800000000)
  region size 2048K, 2 young (4096K), 2 survivors (4096K)
 Metaspace       used 35842K, committed 36160K, reserved 1114112K
  class space    used 4702K, committed 4864K, reserved 1048576K
}
Event: 3.106 GC heap before
{Heap before GC invocations=12 (full 0):
 garbage-first heap   total 92160K, used 66642K [0x0000000700000000, 0x0000000800000000)
  region size 2048K, 21 young (43008K), 2 survivors (4096K)
 Metaspace       used 38605K, committed 38976K, reserved 1114112K
  class space    used 5213K, committed 5376K, reserved 1048576K
}
Event: 3.110 GC heap after
{Heap after GC invocations=13 (full 0):
 garbage-first heap   total 92160K, used 29858K [0x0000000700000000, 0x0000000800000000)
  region size 2048K, 2 young (4096K), 2 survivors (4096K)
 Metaspace       used 38605K, committed 38976K, reserved 1114112K
  class space    used 5213K, committed 5376K, reserved 1048576K
}
Event: 3.120 GC heap before
{Heap before GC invocations=13 (full 0):
 garbage-first heap   total 92160K, used 31906K [0x0000000700000000, 0x0000000800000000)
  region size 2048K, 3 young (6144K), 2 survivors (4096K)
 Metaspace       used 38698K, committed 39104K, reserved 1114112K
  class space    used 5233K, committed 5440K, reserved 1048576K
}
Event: 3.124 GC heap after
{Heap after GC invocations=14 (full 0):
 garbage-first heap   total 92160K, used 29198K [0x0000000700000000, 0x0000000800000000)
  region size 2048K, 1 young (2048K), 1 survivors (2048K)
 Metaspace       used 38698K, committed 39104K, reserved 1114112K
  class space    used 5233K, committed 5440K, reserved 1048576K
}
Event: 3.330 GC heap before
{Heap before GC invocations=14 (full 0):
 garbage-first heap   total 92160K, used 68110K [0x0000000700000000, 0x0000000800000000)
  region size 2048K, 20 young (40960K), 1 survivors (2048K)
 Metaspace       used 41913K, committed 42304K, reserved 1114112K
  class space    used 5737K, committed 5888K, reserved 1048576K
}
Event: 3.336 GC heap after
{Heap after GC invocations=15 (full 0):
 garbage-first heap   total 184320K, used 31553K [0x0000000700000000, 0x0000000800000000)
  region size 2048K, 2 young (4096K), 2 survivors (4096K)
 Metaspace       used 41913K, committed 42304K, reserved 1114112K
  class space    used 5737K, committed 5888K, reserved 1048576K
}
Event: 3.928 GC heap before
{Heap before GC invocations=15 (full 0):
 garbage-first heap   total 184320K, used 138049K [0x0000000700000000, 0x0000000800000000)
  region size 2048K, 54 young (110592K), 2 survivors (4096K)
 Metaspace       used 50374K, committed 50816K, reserved 1114112K
  class space    used 7044K, committed 7232K, reserved 1048576K
}
Event: 3.933 GC heap after
{Heap after GC invocations=16 (full 0):
 garbage-first heap   total 184320K, used 38147K [0x0000000700000000, 0x0000000800000000)
  region size 2048K, 5 young (10240K), 5 survivors (10240K)
 Metaspace       used 50374K, committed 50816K, reserved 1114112K
  class space    used 7044K, committed 7232K, reserved 1048576K
}
Event: 4.271 GC heap before
{Heap before GC invocations=16 (full 0):
 garbage-first heap   total 184320K, used 138499K [0x0000000700000000, 0x0000000800000000)
  region size 2048K, 54 young (110592K), 5 survivors (10240K)
 Metaspace       used 53034K, committed 53504K, reserved 1114112K
  class space    used 7370K, committed 7616K, reserved 1048576K
}
Event: 4.276 GC heap after
{Heap after GC invocations=17 (full 0):
 garbage-first heap   total 184320K, used 41861K [0x0000000700000000, 0x0000000800000000)
  region size 2048K, 6 young (12288K), 6 survivors (12288K)
 Metaspace       used 53034K, committed 53504K, reserved 1114112K
  class space    used 7370K, committed 7616K, reserved 1048576K
}
Event: 4.683 GC heap before
{Heap before GC invocations=17 (full 0):
 garbage-first heap   total 184320K, used 111493K [0x0000000700000000, 0x0000000800000000)
  region size 2048K, 41 young (83968K), 6 survivors (12288K)
 Metaspace       used 60112K, committed 60608K, reserved 1114112K
  class space    used 8409K, committed 8640K, reserved 1048576K
}
Event: 4.689 GC heap after
{Heap after GC invocations=18 (full 0):
 garbage-first heap   total 184320K, used 46975K [0x0000000700000000, 0x0000000800000000)
  region size 2048K, 5 young (10240K), 5 survivors (10240K)
 Metaspace       used 60112K, committed 60608K, reserved 1114112K
  class space    used 8409K, committed 8640K, reserved 1048576K
}
Event: 5.266 GC heap before
{Heap before GC invocations=19 (full 0):
 garbage-first heap   total 184320K, used 143231K [0x0000000700000000, 0x0000000800000000)
  region size 2048K, 52 young (106496K), 5 survivors (10240K)
 Metaspace       used 63863K, committed 64384K, reserved 1114112K
  class space    used 9041K, committed 9280K, reserved 1048576K
}
Event: 5.272 GC heap after
{Heap after GC invocations=20 (full 0):
 garbage-first heap   total 184320K, used 52159K [0x0000000700000000, 0x0000000800000000)
  region size 2048K, 6 young (12288K), 6 survivors (12288K)
 Metaspace       used 63863K, committed 64384K, reserved 1114112K
  class space    used 9041K, committed 9280K, reserved 1048576K
}
Event: 5.533 GC heap before
{Heap before GC invocations=20 (full 0):
 garbage-first heap   total 184320K, used 144319K [0x0000000700000000, 0x0000000800000000)
  region size 2048K, 51 young (104448K), 6 survivors (12288K)
 Metaspace       used 67215K, committed 67776K, reserved 1114112K
  class space    used 9515K, committed 9792K, reserved 1048576K
}
Event: 5.537 GC heap after
{Heap after GC invocations=21 (full 0):
 garbage-first heap   total 184320K, used 53755K [0x0000000700000000, 0x0000000800000000)
  region size 2048K, 4 young (8192K), 4 survivors (8192K)
 Metaspace       used 67215K, committed 67776K, reserved 1114112K
  class space    used 9515K, committed 9792K, reserved 1048576K
}
Event: 34.764 GC heap before
{Heap before GC invocations=21 (full 0):
 garbage-first heap   total 184320K, used 145915K [0x0000000700000000, 0x0000000800000000)
  region size 2048K, 49 young (100352K), 4 survivors (8192K)
 Metaspace       used 74697K, committed 75328K, reserved 1114112K
  class space    used 10766K, committed 11072K, reserved 1048576K
}
Event: 34.785 GC heap after
{Heap after GC invocations=22 (full 0):
 garbage-first heap   total 184320K, used 61449K [0x0000000700000000, 0x0000000800000000)
  region size 2048K, 7 young (14336K), 7 survivors (14336K)
 Metaspace       used 74697K, committed 75328K, reserved 1114112K
  class space    used 10766K, committed 11072K, reserved 1048576K
}

