# JRE version: Java(TM) SE Runtime Environment (17.0.8+9) (build 17.0.8+9-LTS-211)
# Java VM: Java HotSpot(TM) 64-Bit Server VM (17.0.8+9-LTS-211, mixed mode, emulated-client, sharing, tiered, compressed oops, compressed class ptrs, g1 gc, bsd-aarch64)
GC Precious Log:
 CPUs: 10 total, 10 available
 Memory: 16384M
 Large Page Support: Disabled
 NUMA Support: Disabled
 Compressed Oops: Enabled (Zero based)
 Heap Region Size: 2M
 Heap Min Capacity: 8M
 Heap Initial Capacity: 256M
 Heap Max Capacity: 4G
 Pre-touch: Disabled
 Parallel Workers: 9
 Concurrent Workers: 2
 Concurrent Refinement Workers: 9
 Periodic GC: Disabled
Heap:
 garbage-first heap   total 221184K, used 62021K [0x0000000700000000, 0x0000000800000000)
  region size 2048K, 9 young (18432K), 7 survivors (14336K)
 Metaspace       used 74738K, committed 75456K, reserved 1114112K
  class space    used 10790K, committed 11136K, reserved 1048576K
GC Heap History (20 events):
Event: 3.557 GC heap before
{Heap before GC invocations=12 (full 0):
 garbage-first heap   total 92160K, used 68837K [0x0000000700000000, 0x0000000800000000)
  region size 2048K, 22 young (45056K), 2 survivors (4096K)
 Metaspace       used 38626K, committed 38976K, reserved 1114112K
  class space    used 5217K, committed 5376K, reserved 1048576K
}
Event: 3.562 GC heap after
{Heap after GC invocations=13 (full 0):
 garbage-first heap   total 92160K, used 29791K [0x0000000700000000, 0x0000000800000000)
  region size 2048K, 2 young (4096K), 2 survivors (4096K)
 Metaspace       used 38626K, committed 38976K, reserved 1114112K
  class space    used 5217K, committed 5376K, reserved 1048576K
}
Event: 3.572 GC heap before
{Heap before GC invocations=13 (full 0):
 garbage-first heap   total 92160K, used 31839K [0x0000000700000000, 0x0000000800000000)
  region size 2048K, 3 young (6144K), 2 survivors (4096K)
 Metaspace       used 38715K, committed 39040K, reserved 1114112K
  class space    used 5235K, committed 5376K, reserved 1048576K
}
Event: 3.577 GC heap after
{Heap after GC invocations=14 (full 0):
 garbage-first heap   total 92160K, used 29959K [0x0000000700000000, 0x0000000800000000)
  region size 2048K, 1 young (2048K), 1 survivors (2048K)
 Metaspace       used 38715K, committed 39040K, reserved 1114112K
  class space    used 5235K, committed 5376K, reserved 1048576K
}
Event: 3.789 GC heap before
{Heap before GC invocations=14 (full 0):
 garbage-first heap   total 92160K, used 68871K [0x0000000700000000, 0x0000000800000000)
  region size 2048K, 20 young (40960K), 1 survivors (2048K)
 Metaspace       used 41982K, committed 42432K, reserved 1114112K
  class space    used 5747K, committed 5952K, reserved 1048576K
}
Event: 3.795 GC heap after
{Heap after GC invocations=15 (full 0):
 garbage-first heap   total 92160K, used 32067K [0x0000000700000000, 0x0000000800000000)
  region size 2048K, 2 young (4096K), 2 survivors (4096K)
 Metaspace       used 41982K, committed 42432K, reserved 1114112K
  class space    used 5747K, committed 5952K, reserved 1048576K
}
Event: 4.025 GC heap before
{Heap before GC invocations=15 (full 0):
 garbage-first heap   total 92160K, used 68931K [0x0000000700000000, 0x0000000800000000)
  region size 2048K, 20 young (40960K), 2 survivors (4096K)
 Metaspace       used 46061K, committed 46528K, reserved 1114112K
  class space    used 6350K, committed 6528K, reserved 1048576K
}
Event: 4.030 GC heap after
{Heap after GC invocations=16 (full 0):
 garbage-first heap   total 184320K, used 34485K [0x0000000700000000, 0x0000000800000000)
  region size 2048K, 3 young (6144K), 3 survivors (6144K)
 Metaspace       used 46061K, committed 46528K, reserved 1114112K
  class space    used 6350K, committed 6528K, reserved 1048576K
}
Event: 4.519 GC heap before
{Heap before GC invocations=16 (full 0):
 garbage-first heap   total 184320K, used 138933K [0x0000000700000000, 0x0000000800000000)
  region size 2048K, 54 young (110592K), 3 survivors (6144K)
 Metaspace       used 51866K, committed 52288K, reserved 1114112K
  class space    used 7235K, committed 7424K, reserved 1048576K
}
Event: 4.525 GC heap after
{Heap after GC invocations=17 (full 0):
 garbage-first heap   total 184320K, used 40305K [0x0000000700000000, 0x0000000800000000)
  region size 2048K, 6 young (12288K), 6 survivors (12288K)
 Metaspace       used 51866K, committed 52288K, reserved 1114112K
  class space    used 7235K, committed 7424K, reserved 1048576K
}
Event: 4.909 GC heap before
{Heap before GC invocations=17 (full 0):
 garbage-first heap   total 184320K, used 136561K [0x0000000700000000, 0x0000000800000000)
  region size 2048K, 53 young (108544K), 6 survivors (12288K)
 Metaspace       used 55463K, committed 55936K, reserved 1114112K
  class space    used 7773K, committed 8000K, reserved 1048576K
}
Event: 4.916 GC heap after
{Heap after GC invocations=18 (full 0):
 garbage-first heap   total 184320K, used 44308K [0x0000000700000000, 0x0000000800000000)
  region size 2048K, 5 young (10240K), 5 survivors (10240K)
 Metaspace       used 55463K, committed 55936K, reserved 1114112K
  class space    used 7773K, committed 8000K, reserved 1048576K
}
Event: 5.177 GC heap before
{Heap before GC invocations=18 (full 0):
 garbage-first heap   total 184320K, used 81172K [0x0000000700000000, 0x0000000800000000)
  region size 2048K, 24 young (49152K), 5 survivors (10240K)
 Metaspace       used 60015K, committed 60416K, reserved 1114112K
  class space    used 8389K, committed 8576K, reserved 1048576K
}
Event: 5.187 GC heap after
{Heap after GC invocations=19 (full 0):
 garbage-first heap   total 184320K, used 47541K [0x0000000700000000, 0x0000000800000000)
  region size 2048K, 4 young (8192K), 4 survivors (8192K)
 Metaspace       used 60015K, committed 60416K, reserved 1114112K
  class space    used 8389K, committed 8576K, reserved 1048576K
}
Event: 5.753 GC heap before
{Heap before GC invocations=20 (full 0):
 garbage-first heap   total 184320K, used 143797K [0x0000000700000000, 0x0000000800000000)
  region size 2048K, 51 young (104448K), 4 survivors (8192K)
 Metaspace       used 63703K, committed 64256K, reserved 1114112K
  class space    used 9010K, committed 9280K, reserved 1048576K
}
Event: 5.759 GC heap after
{Heap after GC invocations=21 (full 0):
 garbage-first heap   total 184320K, used 51302K [0x0000000700000000, 0x0000000800000000)
  region size 2048K, 6 young (12288K), 6 survivors (12288K)
 Metaspace       used 63703K, committed 64256K, reserved 1114112K
  class space    used 9010K, committed 9280K, reserved 1048576K
}
Event: 6.044 GC heap before
{Heap before GC invocations=21 (full 0):
 garbage-first heap   total 184320K, used 145510K [0x0000000700000000, 0x0000000800000000)
  region size 2048K, 52 young (106496K), 6 survivors (12288K)
 Metaspace       used 67233K, committed 67840K, reserved 1114112K
  class space    used 9516K, committed 9792K, reserved 1048576K
}
Event: 6.047 GC heap after
{Heap after GC invocations=22 (full 0):
 garbage-first heap   total 221184K, used 53369K [0x0000000700000000, 0x0000000800000000)
  region size 2048K, 4 young (8192K), 4 survivors (8192K)
 Metaspace       used 67233K, committed 67840K, reserved 1114112K
  class space    used 9516K, committed 9792K, reserved 1048576K
}
Event: 2026.314 GC heap before
{Heap before GC invocations=22 (full 0):
 garbage-first heap   total 221184K, used 174201K [0x0000000700000000, 0x0000000800000000)
  region size 2048K, 63 young (129024K), 4 survivors (8192K)
 Metaspace       used 74684K, committed 75392K, reserved 1114112K
  class space    used 10778K, committed 11136K, reserved 1048576K
}
Event: 2026.359 GC heap after
{Heap after GC invocations=23 (full 0):
 garbage-first heap   total 221184K, used 59973K [0x0000000700000000, 0x0000000800000000)
  region size 2048K, 7 young (14336K), 7 survivors (14336K)
 Metaspace       used 74684K, committed 75392K, reserved 1114112K
  class space    used 10778K, committed 11136K, reserved 1048576K
}

